# JRE version: Java(TM) SE Runtime Environment (8.0_221-b11) (build 1.8.0_221-b11)
# Java VM: Java HotSpot(TM) 64-Bit Server VM (25.221-b11 mixed mode linux-amd64 compressed oops)
Heap:
 PSYoungGen      total 104960K, used 6654K [0x00000000f1400000, 0x00000000f8100000, 0x0000000100000000)
  eden space 98304K, 0% used [0x00000000f1400000,0x00000000f1400000,0x00000000f7400000)
  from space 6656K, 99% used [0x00000000f7400000,0x00000000f7a7f970,0x00000000f7a80000)
  to   space 6656K, 0% used [0x00000000f7a80000,0x00000000f7a80000,0x00000000f8100000)
 ParOldGen       total 30208K, used 13543K [0x00000000d3c00000, 0x00000000d5980000, 0x00000000f1400000)
  object space 30208K, 44% used [0x00000000d3c00000,0x00000000d4939f88,0x00000000d5980000)
 Metaspace       used 30702K, capacity 30976K, committed 31360K, reserved 1077248K
  class space    used 4351K, capacity 4404K, committed 4480K, reserved 1048576K
GC Heap History (10 events):
Event: 1.345 GC heap after
Heap after GC invocations=3 (full 0):
 PSYoungGen      total 26112K, used 1533K [0x00000000f1400000, 0x00000000f4700000, 0x0000000100000000)
  eden space 24576K, 0% used [0x00000000f1400000,0x00000000f1400000,0x00000000f2c00000)
  from space 1536K, 99% used [0x00000000f2c00000,0x00000000f2d7f7d0,0x00000000f2d80000)
  to   space 1536K, 0% used [0x00000000f4580000,0x00000000f4580000,0x00000000f4700000)
 ParOldGen       total 31744K, used 5374K [0x00000000d3c00000, 0x00000000d5b00000, 0x00000000f1400000)
  object space 31744K, 16% used [0x00000000d3c00000,0x00000000d413f8f0,0x00000000d5b00000)
 Metaspace       used 11644K, capacity 11800K, committed 12032K, reserved 1058816K
  class space    used 1685K, capacity 1712K, committed 1792K, reserved 1048576K
}
Event: 1.698 GC heap before
{Heap before GC invocations=4 (full 0):
 PSYoungGen      total 26112K, used 26109K [0x00000000f1400000, 0x00000000f4700000, 0x0000000100000000)
  eden space 24576K, 100% used [0x00000000f1400000,0x00000000f2c00000,0x00000000f2c00000)
  from space 1536K, 99% used [0x00000000f2c00000,0x00000000f2d7f7d0,0x00000000f2d80000)
  to   space 1536K, 0% used [0x00000000f4580000,0x00000000f4580000,0x00000000f4700000)
 ParOldGen       total 31744K, used 5374K [0x00000000d3c00000, 0x00000000d5b00000, 0x00000000f1400000)
  object space 31744K, 16% used [0x00000000d3c00000,0x00000000d413f8f0,0x00000000d5b00000)
 Metaspace       used 15094K, capacity 15346K, committed 15616K, reserved 1062912K
  class space    used 2121K, capacity 2211K, committed 2304K, reserved 1048576K
Event: 1.704 GC heap after
Heap after GC invocations=4 (full 0):
 PSYoungGen      total 50688K, used 1517K [0x00000000f1400000, 0x00000000f4700000, 0x0000000100000000)
  eden space 49152K, 0% used [0x00000000f1400000,0x00000000f1400000,0x00000000f4400000)
  from space 1536K, 98% used [0x00000000f4580000,0x00000000f46fb7e0,0x00000000f4700000)
  to   space 1536K, 0% used [0x00000000f4400000,0x00000000f4400000,0x00000000f4580000)
 ParOldGen       total 31744K, used 8274K [0x00000000d3c00000, 0x00000000d5b00000, 0x00000000f1400000)
  object space 31744K, 26% used [0x00000000d3c00000,0x00000000d4414b68,0x00000000d5b00000)
 Metaspace       used 15094K, capacity 15346K, committed 15616K, reserved 1062912K
  class space    used 2121K, capacity 2211K, committed 2304K, reserved 1048576K
}
Event: 2.445 GC heap before
{Heap before GC invocations=5 (full 0):
 PSYoungGen      total 50688K, used 50669K [0x00000000f1400000, 0x00000000f4700000, 0x0000000100000000)
  eden space 49152K, 100% used [0x00000000f1400000,0x00000000f4400000,0x00000000f4400000)
  from space 1536K, 98% used [0x00000000f4580000,0x00000000f46fb7e0,0x00000000f4700000)
  to   space 1536K, 0% used [0x00000000f4400000,0x00000000f4400000,0x00000000f4580000)
 ParOldGen       total 31744K, used 8274K [0x00000000d3c00000, 0x00000000d5b00000, 0x00000000f1400000)
  object space 31744K, 26% used [0x00000000d3c00000,0x00000000d4414b68,0x00000000d5b00000)
 Metaspace       used 19587K, capacity 19856K, committed 20096K, reserved 1067008K
  class space    used 2784K, capacity 2856K, committed 2944K, reserved 1048576K
Event: 2.536 GC heap after
Heap after GC invocations=5 (full 0):
 PSYoungGen      total 50688K, used 1517K [0x00000000f1400000, 0x00000000f8100000, 0x0000000100000000)
  eden space 49152K, 0% used [0x00000000f1400000,0x00000000f1400000,0x00000000f4400000)
  from space 1536K, 98% used [0x00000000f4400000,0x00000000f457b7e0,0x00000000f4580000)
  to   space 6656K, 0% used [0x00000000f7a80000,0x00000000f7a80000,0x00000000f8100000)
 ParOldGen       total 31744K, used 12523K [0x00000000d3c00000, 0x00000000d5b00000, 0x00000000f1400000)
  object space 31744K, 39% used [0x00000000d3c00000,0x00000000d483afb8,0x00000000d5b00000)
 Metaspace       used 19587K, capacity 19856K, committed 20096K, reserved 1067008K
  class space    used 2784K, capacity 2856K, committed 2944K, reserved 1048576K
}
Event: 3.041 GC heap before
{Heap before GC invocations=6 (full 0):
 PSYoungGen      total 50688K, used 13032K [0x00000000f1400000, 0x00000000f8100000, 0x0000000100000000)
  eden space 49152K, 23% used [0x00000000f1400000,0x00000000f1f3e820,0x00000000f4400000)
  from space 1536K, 98% used [0x00000000f4400000,0x00000000f457b7e0,0x00000000f4580000)
  to   space 6656K, 0% used [0x00000000f7a80000,0x00000000f7a80000,0x00000000f8100000)
 ParOldGen       total 31744K, used 12523K [0x00000000d3c00000, 0x00000000d5b00000, 0x00000000f1400000)
  object space 31744K, 39% used [0x00000000d3c00000,0x00000000d483afb8,0x00000000d5b00000)
 Metaspace       used 20881K, capacity 21136K, committed 21248K, reserved 1067008K
  class space    used 2953K, capacity 3048K, committed 3072K, reserved 1048576K
Event: 3.051 GC heap after
Heap after GC invocations=6 (full 0):
 PSYoungGen      total 104960K, used 2763K [0x00000000f1400000, 0x00000000f8100000, 0x0000000100000000)
  eden space 98304K, 0% used [0x00000000f1400000,0x00000000f1400000,0x00000000f7400000)
  from space 6656K, 41% used [0x00000000f7a80000,0x00000000f7d32f10,0x00000000f8100000)
  to   space 6656K, 0% used [0x00000000f7400000,0x00000000f7400000,0x00000000f7a80000)
 ParOldGen       total 31744K, used 12531K [0x00000000d3c00000, 0x00000000d5b00000, 0x00000000f1400000)
  object space 31744K, 39% used [0x00000000d3c00000,0x00000000d483cfb8,0x00000000d5b00000)
 Metaspace       used 20881K, capacity 21136K, committed 21248K, reserved 1067008K
  class space    used 2953K, capacity 3048K, committed 3072K, reserved 1048576K
}
Event: 3.051 GC heap before
{Heap before GC invocations=7 (full 1):
 PSYoungGen      total 104960K, used 2763K [0x00000000f1400000, 0x00000000f8100000, 0x0000000100000000)
  eden space 98304K, 0% used [0x00000000f1400000,0x00000000f1400000,0x00000000f7400000)
  from space 6656K, 41% used [0x00000000f7a80000,0x00000000f7d32f10,0x00000000f8100000)
  to   space 6656K, 0% used [0x00000000f7400000,0x00000000f7400000,0x00000000f7a80000)
 ParOldGen       total 31744K, used 12531K [0x00000000d3c00000, 0x00000000d5b00000, 0x00000000f1400000)
  object space 31744K, 39% used [0x00000000d3c00000,0x00000000d483cfb8,0x00000000d5b00000)
 Metaspace       used 20881K, capacity 21136K, committed 21248K, reserved 1067008K
  class space    used 2953K, capacity 3048K, committed 3072K, reserved 1048576K
Event: 3.096 GC heap after
Heap after GC invocations=7 (full 1):
 PSYoungGen      total 104960K, used 0K [0x00000000f1400000, 0x00000000f8100000, 0x0000000100000000)
  eden space 98304K, 0% used [0x00000000f1400000,0x00000000f1400000,0x00000000f7400000)
  from space 6656K, 0% used [0x00000000f7a80000,0x00000000f7a80000,0x00000000f8100000)
  to   space 6656K, 0% used [0x00000000f7400000,0x00000000f7400000,0x00000000f7a80000)
 ParOldGen       total 30208K, used 9190K [0x00000000d3c00000, 0x00000000d5980000, 0x00000000f1400000)
  object space 30208K, 30% used [0x00000000d3c00000,0x00000000d44f9a98,0x00000000d5980000)
 Metaspace       used 20881K, capacity 21136K, committed 21248K, reserved 1067008K
  class space    used 2953K, capacity 3048K, committed 3072K, reserved 1048576K
}
Event: 7.771 GC heap before
{Heap before GC invocations=8 (full 1):
 PSYoungGen      total 104960K, used 98304K [0x00000000f1400000, 0x00000000f8100000, 0x0000000100000000)
  eden space 98304K, 100% used [0x00000000f1400000,0x00000000f7400000,0x00000000f7400000)
  from space 6656K, 0% used [0x00000000f7a80000,0x00000000f7a80000,0x00000000f8100000)
  to   space 6656K, 0% used [0x00000000f7400000,0x00000000f7400000,0x00000000f7a80000)
 ParOldGen       total 30208K, used 9190K [0x00000000d3c00000, 0x00000000d5980000, 0x00000000f1400000)
  object space 30208K, 30% used [0x00000000d3c00000,0x00000000d44f9a98,0x00000000d5980000)
 Metaspace       used 30702K, capacity 30976K, committed 31360K, reserved 1077248K
  class space    used 4351K, capacity 4404K, committed 4480K, reserved 1048576K

